<?xml version="1.0" encoding="UTF-8"?>
<testsuite name="com.example.kotlinspring.kotlinspringtestapp.controller.NoteControllerTest" tests="0" skipped="0" failures="0" errors="0" timestamp="1970-01-01T00:00:00" hostname="SGMUOBG9R97DC" time="0.0">
  <properties/>
  <system-out><![CDATA[2024-02-05T02:04:33.378+08:00  INFO 35667 --- [    Test worker] t.c.s.AnnotationConfigContextLoaderUtils : Could not detect default configuration classes for test class [com.example.kotlinspring.kotlinspringtestapp.controller.NoteControllerTest]: NoteControllerTest does not declare any static, non-private, non-final, nested classes annotated with @Configuration.
2024-02-05T02:04:33.411+08:00  INFO 35667 --- [    Test worker] .b.t.c.SpringBootTestContextBootstrapper : Found @SpringBootConfiguration com.example.kotlinspring.kotlinspringtestapp.KotlinspringtestappApplication for test class com.example.kotlinspring.kotlinspringtestapp.controller.NoteControllerTest
]]></system-out>
  <system-err><![CDATA[]]></system-err>
</testsuite>
