<?xml version="1.0" encoding="UTF-8"?>
<testsuite name="com.example.kotlinspring.kotlinspringtestapp.KotlinspringtestappApplicationTests" tests="1" skipped="0" failures="0" errors="0" timestamp="2024-02-04T18:04:32" hostname="SGMUOBG9R97DC" time="0.463">
  <properties/>
  <testcase name="contextLoads()" classname="com.example.kotlinspring.kotlinspringtestapp.KotlinspringtestappApplicationTests" time="0.463"/>
  <system-out><![CDATA[02:04:32.016 [Test worker] INFO org.springframework.test.context.support.AnnotationConfigContextLoaderUtils -- Could not detect default configuration classes for test class [com.example.kotlinspring.kotlinspringtestapp.KotlinspringtestappApplicationTests]: KotlinspringtestappApplicationTests does not declare any static, non-private, non-final, nested classes annotated with @Configuration.
02:04:32.073 [Test worker] INFO org.springframework.boot.test.context.SpringBootTestContextBootstrapper -- Found @SpringBootConfiguration com.example.kotlinspring.kotlinspringtestapp.KotlinspringtestappApplication for test class com.example.kotlinspring.kotlinspringtestapp.KotlinspringtestappApplicationTests

  .   ____          _            __ _ _
 /\\ / ___'_ __ _ _(_)_ __  __ _ \ \ \ \
( ( )\___ | '_ | '_| | '_ \/ _` | \ \ \ \
 \\/  ___)| |_)| | | | | || (_| |  ) ) ) )
  '  |____| .__|_| |_|_| |_\__, | / / / /
 =========|_|==============|___/=/_/_/_/
 :: Spring Boot ::       (v3.3.0-SNAPSHOT)

2024-02-05T02:04:32.246+08:00  INFO 35667 --- [    Test worker] .k.k.KotlinspringtestappApplicationTests : Starting KotlinspringtestappApplicationTests using Java 17.0.8 with PID 35667 (started by admin in /Users/admin/Desktop/springboot-kotlin-test-app)
2024-02-05T02:04:32.247+08:00  INFO 35667 --- [    Test worker] .k.k.KotlinspringtestappApplicationTests : No active profile set, falling back to 1 default profile: "default"
2024-02-05T02:04:32.762+08:00  INFO 35667 --- [    Test worker] o.s.b.a.w.s.WelcomePageHandlerMapping    : Adding welcome page: class path resource [static/index.html]
2024-02-05T02:04:32.900+08:00  INFO 35667 --- [    Test worker] .k.k.KotlinspringtestappApplicationTests : Started KotlinspringtestappApplicationTests in 0.737 seconds (process running for 1.44)
]]></system-out>
  <system-err><![CDATA[]]></system-err>
</testsuite>
