<?xml version="1.0" encoding="UTF-8"?>
<testsuite name="com.example.kotlinspring.kotlinspringtestapp.datasource.mock.MockNotesDataSourceTest" tests="1" skipped="0" failures="0" errors="0" timestamp="2024-02-04T18:04:33" hostname="SGMUOBG9R97DC" time="0.03">
  <properties/>
  <testcase name="should provide a collection of saved notes()" classname="com.example.kotlinspring.kotlinspringtestapp.datasource.mock.MockNotesDataSourceTest" time="0.03"/>
  <system-out><![CDATA[]]></system-out>
  <system-err><![CDATA[]]></system-err>
</testsuite>
