<?xml version="1.0" encoding="UTF-8"?>
<testsuite name="DELETE /api/note" tests="1" skipped="0" failures="0" errors="0" timestamp="2024-02-04T18:04:33" hostname="SGMUOBG9R97DC" time="0.128">
  <properties/>
  <testcase name="should delete a note by ID()" classname="com.example.kotlinspring.kotlinspringtestapp.controller.NoteControllerTest$DeleteNote" time="0.128"/>
  <system-out><![CDATA[
  .   ____          _            __ _ _
 /\\ / ___'_ __ _ _(_)_ __  __ _ \ \ \ \
( ( )\___ | '_ | '_| | '_ \/ _` | \ \ \ \
 \\/  ___)| |_)| | | | | || (_| |  ) ) ) )
  '  |____| .__|_| |_|_| |_\__, | / / / /
 =========|_|==============|___/=/_/_/_/
 :: Spring Boot ::       (v3.3.0-SNAPSHOT)

2024-02-05T02:04:33.429+08:00  INFO 35667 --- [    Test worker] c.e.k.k.controller.NoteControllerTest    : Starting NoteControllerTest using Java 17.0.8 with PID 35667 (started by admin in /Users/admin/Desktop/springboot-kotlin-test-app)
2024-02-05T02:04:33.429+08:00  INFO 35667 --- [    Test worker] c.e.k.k.controller.NoteControllerTest    : No active profile set, falling back to 1 default profile: "default"
2024-02-05T02:04:33.521+08:00  INFO 35667 --- [    Test worker] o.s.b.a.w.s.WelcomePageHandlerMapping    : Adding welcome page: class path resource [static/index.html]
2024-02-05T02:04:33.555+08:00  INFO 35667 --- [    Test worker] o.s.b.t.m.w.SpringBootMockServletContext : Initializing Spring TestDispatcherServlet ''
2024-02-05T02:04:33.555+08:00  INFO 35667 --- [    Test worker] o.s.t.web.servlet.TestDispatcherServlet  : Initializing Servlet ''
2024-02-05T02:04:33.555+08:00  INFO 35667 --- [    Test worker] o.s.t.web.servlet.TestDispatcherServlet  : Completed initialization in 0 ms
2024-02-05T02:04:33.559+08:00  INFO 35667 --- [    Test worker] c.e.k.k.controller.NoteControllerTest    : Started NoteControllerTest in 0.144 seconds (process running for 2.099)
2024-02-05T02:04:33.563+08:00  INFO 35667 --- [    Test worker] t.c.s.AnnotationConfigContextLoaderUtils : Could not detect default configuration classes for test class [com.example.kotlinspring.kotlinspringtestapp.controller.NoteControllerTest$DeleteNote]: DeleteNote does not declare any static, non-private, non-final, nested classes annotated with @Configuration.
2024-02-05T02:04:33.565+08:00  INFO 35667 --- [    Test worker] .b.t.c.SpringBootTestContextBootstrapper : Found @SpringBootConfiguration com.example.kotlinspring.kotlinspringtestapp.KotlinspringtestappApplication for test class com.example.kotlinspring.kotlinspringtestapp.controller.NoteControllerTest$DeleteNote

MockHttpServletRequest:
      HTTP Method = DELETE
      Request URI = /api/note
       Parameters = {}
          Headers = [Content-Type:"application/json;charset=UTF-8", Content-Length:"95"]
             Body = {"id":"4","name":"Gym","description":"Go to gym","createdDate":"2024-02-04T18:04:33.568+00:00"}
    Session Attrs = {}

Handler:
             Type = com.example.kotlinspring.kotlinspringtestapp.controller.NoteController
           Method = com.example.kotlinspring.kotlinspringtestapp.controller.NoteController#removeNoteById(Note)

Async:
    Async started = false
     Async result = null

Resolved Exception:
             Type = null

ModelAndView:
        View name = null
             View = null
            Model = null

FlashMap:
       Attributes = null

MockHttpServletResponse:
           Status = 200
    Error message = null
          Headers = [Content-Type:"text/plain;charset=UTF-8", Content-Length:"36"]
     Content type = text/plain;charset=UTF-8
             Body = Note with id: 4 Successfully deleted
    Forwarded URL = null
   Redirected URL = null
          Cookies = []
]]></system-out>
  <system-err><![CDATA[]]></system-err>
</testsuite>
